<?xml version="1.0" encoding="UTF-8"?>
<!-- Generated by org.testng.reporters.JUnitReportReporter -->
<testsuite skipped="0" hostname="sampath-lenovo" name="example.TestGreeter" tests="1" failures="0" timestamp="2021-06-17T15:48:31 IST" time="0.011" errors="0">
  <testcase name="greetershouldincludetheonebeinggreeted" time="0.011" classname="example.TestGreeter"/>
  <system-out/>
</testsuite> <!-- example.TestGreeter -->
